<?xml version="1.0" encoding="UTF-8"?>
<!-- Generated by org.testng.reporters.JUnitReportReporter -->
<testsuite skipped="0" hostname="XORIANT-GGN-005" name="testcases.LoginPageTest" tests="1" failures="0" timestamp="2020-07-10T16:01:10 IST" time="4.357" errors="0">
  <testcase name="logInUserTest" time="4.357" classname="testcases.LoginPageTest"/>
  <system-out/>
</testsuite> <!-- testcases.LoginPageTest -->
