<?xml version="1.0" encoding="UTF-8"?>
<!-- Generated by org.testng.reporters.JUnitReportReporter -->
<testsuite skipped="6" hostname="XORIANT-GGN-005" name="testcases.GitFunctionsTest" tests="8" failures="0" timestamp="2020-07-11T06:59:12 IST" time="45.225" errors="0">
  <testcase name="verifyLogInUserTest" time="3.971" classname="testcases.GitFunctionsTest"/>
  <system-out/>
  <testcase name="verifyDeleteRepositoryTest" time="41.254" classname="testcases.GitFunctionsTest"/>
  <system-out/>
  <testcase name="verifyLinkIssueTest" classname="testcases.GitFunctionsTest">
    <skipped/>
  </testcase> <!-- verifyLinkIssueTest -->
  <system-out/>
  <testcase name="verifyCreateRepositoryTest" classname="testcases.GitFunctionsTest">
    <skipped/>
  </testcase> <!-- verifyCreateRepositoryTest -->
  <system-out/>
  <testcase name="verifyAddEmojiTest" classname="testcases.GitFunctionsTest">
    <skipped/>
  </testcase> <!-- verifyAddEmojiTest -->
  <system-out/>
  <testcase name="verifyCreateNewIssueAndEnterIssueIDinDescription" classname="testcases.GitFunctionsTest">
    <skipped/>
  </testcase> <!-- verifyCreateNewIssueAndEnterIssueIDinDescription -->
  <system-out/>
  <testcase name="verifyAddNewCommentTest" classname="testcases.GitFunctionsTest">
    <skipped/>
  </testcase> <!-- verifyAddNewCommentTest -->
  <system-out/>
  <testcase name="VerifyIssueCreationInExistingTest" classname="testcases.GitFunctionsTest">
    <skipped/>
  </testcase> <!-- VerifyIssueCreationInExistingTest -->
  <system-out/>
</testsuite> <!-- testcases.GitFunctionsTest -->
